# JRE version: OpenJDK Runtime Environment (11.0.13) (build 11.0.13+0-b1751.21-8125866)
# Java VM: OpenJDK 64-Bit Server VM (11.0.13+0-b1751.21-8125866, mixed mode, tiered, compressed oops, g1 gc, windows-amd64)
Heap:
 garbage-first heap   total 251904K, used 98726K [0x0000000080000000, 0x0000000100000000)
  region size 1024K, 3 young (3072K), 3 survivors (3072K)
 Metaspace       used 103541K, capacity 105924K, committed 106076K, reserved 1142784K
  class space    used 12633K, capacity 13496K, committed 13568K, reserved 1048576K
GC Heap History (20 events):
Event: 18.701 GC heap after
{Heap after GC invocations=28 (full 0):
 garbage-first heap   total 159744K, used 66677K [0x0000000080000000, 0x0000000100000000)
  region size 1024K, 8 young (8192K), 8 survivors (8192K)
 Metaspace       used 83773K, capacity 85703K, committed 85980K, reserved 1124352K
  class space    used 10798K, capacity 11523K, committed 11648K, reserved 1048576K
}
Event: 20.203 GC heap before
{Heap before GC invocations=28 (full 0):
 garbage-first heap   total 159744K, used 120949K [0x0000000080000000, 0x0000000100000000)
  region size 1024K, 62 young (63488K), 8 survivors (8192K)
 Metaspace       used 85021K, capacity 87083K, committed 87388K, reserved 1124352K
  class space    used 10921K, capacity 11687K, committed 11776K, reserved 1048576K
}
Event: 20.224 GC heap after
{Heap after GC invocations=29 (full 0):
 garbage-first heap   total 159744K, used 71620K [0x0000000080000000, 0x0000000100000000)
  region size 1024K, 5 young (5120K), 5 survivors (5120K)
 Metaspace       used 85021K, capacity 87083K, committed 87388K, reserved 1124352K
  class space    used 10921K, capacity 11687K, committed 11776K, reserved 1048576K
}
Event: 21.349 GC heap before
{Heap before GC invocations=29 (full 0):
 garbage-first heap   total 159744K, used 125892K [0x0000000080000000, 0x0000000100000000)
  region size 1024K, 55 young (56320K), 5 survivors (5120K)
 Metaspace       used 87101K, capacity 89116K, committed 89436K, reserved 1126400K
  class space    used 11164K, capacity 11963K, committed 12032K, reserved 1048576K
}
Event: 21.419 GC heap after
{Heap after GC invocations=30 (full 0):
 garbage-first heap   total 159744K, used 90044K [0x0000000080000000, 0x0000000100000000)
  region size 1024K, 8 young (8192K), 8 survivors (8192K)
 Metaspace       used 87101K, capacity 89116K, committed 89436K, reserved 1126400K
  class space    used 11164K, capacity 11963K, committed 12032K, reserved 1048576K
}
Event: 21.954 GC heap before
{Heap before GC invocations=31 (full 0):
 garbage-first heap   total 159744K, used 127932K [0x0000000080000000, 0x0000000100000000)
  region size 1024K, 41 young (41984K), 8 survivors (8192K)
 Metaspace       used 87205K, capacity 89321K, committed 89436K, reserved 1126400K
  class space    used 11172K, capacity 11965K, committed 12032K, reserved 1048576K
}
Event: 21.979 GC heap after
{Heap after GC invocations=32 (full 0):
 garbage-first heap   total 209920K, used 95744K [0x0000000080000000, 0x0000000100000000)
  region size 1024K, 6 young (6144K), 6 survivors (6144K)
 Metaspace       used 87205K, capacity 89321K, committed 89436K, reserved 1126400K
  class space    used 11172K, capacity 11965K, committed 12032K, reserved 1048576K
}
Event: 23.993 GC heap before
{Heap before GC invocations=33 (full 0):
 garbage-first heap   total 209920K, used 162304K [0x0000000080000000, 0x0000000100000000)
  region size 1024K, 57 young (58368K), 6 survivors (6144K)
 Metaspace       used 90611K, capacity 92743K, committed 93020K, reserved 1130496K
  class space    used 11450K, capacity 12261K, committed 12288K, reserved 1048576K
}
Event: 24.020 GC heap after
{Heap after GC invocations=34 (full 0):
 garbage-first heap   total 209920K, used 102922K [0x0000000080000000, 0x0000000100000000)
  region size 1024K, 7 young (7168K), 7 survivors (7168K)
 Metaspace       used 90611K, capacity 92743K, committed 93020K, reserved 1130496K
  class space    used 11450K, capacity 12261K, committed 12288K, reserved 1048576K
}
Event: 26.018 GC heap before
{Heap before GC invocations=34 (full 0):
 garbage-first heap   total 209920K, used 153098K [0x0000000080000000, 0x0000000100000000)
  region size 1024K, 57 young (58368K), 7 survivors (7168K)
 Metaspace       used 92993K, capacity 95058K, committed 95324K, reserved 1132544K
  class space    used 11622K, capacity 12422K, committed 12544K, reserved 1048576K
}
Event: 26.070 GC heap after
{Heap after GC invocations=35 (full 0):
 garbage-first heap   total 209920K, used 108804K [0x0000000080000000, 0x0000000100000000)
  region size 1024K, 7 young (7168K), 7 survivors (7168K)
 Metaspace       used 92993K, capacity 95058K, committed 95324K, reserved 1132544K
  class space    used 11622K, capacity 12422K, committed 12544K, reserved 1048576K
}
Event: 27.224 GC heap before
{Heap before GC invocations=36 (full 0):
 garbage-first heap   total 209920K, used 147716K [0x0000000080000000, 0x0000000100000000)
  region size 1024K, 56 young (57344K), 7 survivors (7168K)
 Metaspace       used 93386K, capacity 95522K, committed 95836K, reserved 1132544K
  class space    used 11638K, capacity 12430K, committed 12544K, reserved 1048576K
}
Event: 27.241 GC heap after
{Heap after GC invocations=37 (full 0):
 garbage-first heap   total 209920K, used 98452K [0x0000000080000000, 0x0000000100000000)
  region size 1024K, 4 young (4096K), 4 survivors (4096K)
 Metaspace       used 93386K, capacity 95522K, committed 95836K, reserved 1132544K
  class space    used 11638K, capacity 12430K, committed 12544K, reserved 1048576K
}
Event: 27.321 GC heap before
{Heap before GC invocations=37 (full 0):
 garbage-first heap   total 209920K, used 103572K [0x0000000080000000, 0x0000000100000000)
  region size 1024K, 10 young (10240K), 4 survivors (4096K)
 Metaspace       used 93387K, capacity 95522K, committed 95836K, reserved 1132544K
  class space    used 11638K, capacity 12430K, committed 12544K, reserved 1048576K
}
Event: 27.330 GC heap after
{Heap after GC invocations=38 (full 0):
 garbage-first heap   total 209920K, used 91617K [0x0000000080000000, 0x0000000100000000)
  region size 1024K, 1 young (1024K), 1 survivors (1024K)
 Metaspace       used 93387K, capacity 95522K, committed 95836K, reserved 1132544K
  class space    used 11638K, capacity 12430K, committed 12544K, reserved 1048576K
}
Event: 29.818 GC heap before
{Heap before GC invocations=38 (full 0):
 garbage-first heap   total 209920K, used 151009K [0x0000000080000000, 0x0000000100000000)
  region size 1024K, 60 young (61440K), 1 survivors (1024K)
 Metaspace       used 97169K, capacity 99402K, committed 99548K, reserved 1136640K
  class space    used 12121K, capacity 12923K, committed 12928K, reserved 1048576K
}
Event: 29.829 GC heap after
{Heap after GC invocations=39 (full 0):
 garbage-first heap   total 209920K, used 93097K [0x0000000080000000, 0x0000000100000000)
  region size 1024K, 3 young (3072K), 3 survivors (3072K)
 Metaspace       used 97169K, capacity 99402K, committed 99548K, reserved 1136640K
  class space    used 12121K, capacity 12923K, committed 12928K, reserved 1048576K
}
Event: 45.292 GC heap before
{Heap before GC invocations=39 (full 0):
 garbage-first heap   total 209920K, used 154537K [0x0000000080000000, 0x0000000100000000)
  region size 1024K, 64 young (65536K), 3 survivors (3072K)
 Metaspace       used 102760K, capacity 105095K, committed 105308K, reserved 1140736K
  class space    used 12600K, capacity 13446K, committed 13568K, reserved 1048576K
}
Event: 45.348 GC heap after
{Heap after GC invocations=40 (full 0):
 garbage-first heap   total 209920K, used 98225K [0x0000000080000000, 0x0000000100000000)
  region size 1024K, 8 young (8192K), 8 survivors (8192K)
 Metaspace       used 102760K, capacity 105095K, committed 105308K, reserved 1140736K
  class space    used 12600K, capacity 13446K, committed 13568K, reserved 1048576K
}
Event: 226.864 GC heap before
{Heap before GC invocations=40 (full 0):
 garbage-first heap   total 209920K, used 160689K [0x0000000080000000, 0x0000000100000000)
  region size 1024K, 70 young (71680K), 8 survivors (8192K)
 Metaspace       used 103541K, capacity 105924K, committed 106076K, reserved 1142784K
  class space    used 12633K, capacity 13496K, committed 13568K, reserved 1048576K
}

