# JRE version: OpenJDK Runtime Environment (11.0.13) (build 11.0.13+0-b1751.21-8125866)
# Java VM: OpenJDK 64-Bit Server VM (11.0.13+0-b1751.21-8125866, mixed mode, tiered, compressed oops, g1 gc, windows-amd64)
Heap:
 garbage-first heap   total 602112K, used 121276K [0x0000000080000000, 0x0000000100000000)
  region size 1024K, 1 young (1024K), 1 survivors (1024K)
 Metaspace       used 129446K, capacity 132505K, committed 133672K, reserved 1165312K
  class space    used 15852K, capacity 17023K, committed 17408K, reserved 1048576K
GC Heap History (20 events):
Event: 2849.242 GC heap after
{Heap after GC invocations=48 (full 0):
 garbage-first heap   total 205824K, used 108157K [0x0000000080000000, 0x0000000100000000)
  region size 1024K, 2 young (2048K), 2 survivors (2048K)
 Metaspace       used 124434K, capacity 127425K, committed 129064K, reserved 1161216K
  class space    used 15451K, capacity 16613K, committed 17152K, reserved 1048576K
}
Event: 2849.301 GC heap before
{Heap before GC invocations=48 (full 0):
 garbage-first heap   total 205824K, used 116349K [0x0000000080000000, 0x0000000100000000)
  region size 1024K, 10 young (10240K), 2 survivors (2048K)
 Metaspace       used 124439K, capacity 127425K, committed 129064K, reserved 1161216K
  class space    used 15451K, capacity 16613K, committed 17152K, reserved 1048576K
}
Event: 2849.326 GC heap after
{Heap after GC invocations=49 (full 0):
 garbage-first heap   total 205824K, used 107738K [0x0000000080000000, 0x0000000100000000)
  region size 1024K, 2 young (2048K), 2 survivors (2048K)
 Metaspace       used 124439K, capacity 127425K, committed 129064K, reserved 1161216K
  class space    used 15451K, capacity 16613K, committed 17152K, reserved 1048576K
}
Event: 2849.763 GC heap before
{Heap before GC invocations=49 (full 0):
 garbage-first heap   total 205824K, used 130266K [0x0000000080000000, 0x0000000100000000)
  region size 1024K, 25 young (25600K), 2 survivors (2048K)
 Metaspace       used 124491K, capacity 127493K, committed 129064K, reserved 1161216K
  class space    used 15453K, capacity 16614K, committed 17152K, reserved 1048576K
}
Event: 2849.780 GC heap after
{Heap after GC invocations=50 (full 0):
 garbage-first heap   total 205824K, used 114516K [0x0000000080000000, 0x0000000100000000)
  region size 1024K, 7 young (7168K), 7 survivors (7168K)
 Metaspace       used 124491K, capacity 127493K, committed 129064K, reserved 1161216K
  class space    used 15453K, capacity 16614K, committed 17152K, reserved 1048576K
}
Event: 2851.436 GC heap before
{Heap before GC invocations=51 (full 0):
 garbage-first heap   total 205824K, used 168788K [0x0000000080000000, 0x0000000100000000)
  region size 1024K, 48 young (49152K), 7 survivors (7168K)
 Metaspace       used 127118K, capacity 130183K, committed 131496K, reserved 1163264K
  class space    used 15677K, capacity 16843K, committed 17280K, reserved 1048576K
}
Event: 2851.469 GC heap after
{Heap after GC invocations=52 (full 0):
 garbage-first heap   total 205824K, used 117276K [0x0000000080000000, 0x0000000100000000)
  region size 1024K, 5 young (5120K), 5 survivors (5120K)
 Metaspace       used 127118K, capacity 130183K, committed 131496K, reserved 1163264K
  class space    used 15677K, capacity 16843K, committed 17280K, reserved 1048576K
}
Event: 2851.579 GC heap before
{Heap before GC invocations=52 (full 0):
 garbage-first heap   total 205824K, used 122396K [0x0000000080000000, 0x0000000100000000)
  region size 1024K, 10 young (10240K), 5 survivors (5120K)
 Metaspace       used 127148K, capacity 130183K, committed 131496K, reserved 1163264K
  class space    used 15678K, capacity 16843K, committed 17280K, reserved 1048576K
}
Event: 2851.604 GC heap after
{Heap after GC invocations=53 (full 0):
 garbage-first heap   total 205824K, used 115421K [0x0000000080000000, 0x0000000100000000)
  region size 1024K, 2 young (2048K), 2 survivors (2048K)
 Metaspace       used 127148K, capacity 130183K, committed 131496K, reserved 1163264K
  class space    used 15678K, capacity 16843K, committed 17280K, reserved 1048576K
}
Event: 2851.723 GC heap before
{Heap before GC invocations=53 (full 0):
 garbage-first heap   total 205824K, used 123613K [0x0000000080000000, 0x0000000100000000)
  region size 1024K, 10 young (10240K), 2 survivors (2048K)
 Metaspace       used 127503K, capacity 130535K, committed 132008K, reserved 1165312K
  class space    used 15710K, capacity 16875K, committed 17280K, reserved 1048576K
}
Event: 2851.737 GC heap after
{Heap after GC invocations=54 (full 0):
 garbage-first heap   total 205824K, used 115068K [0x0000000080000000, 0x0000000100000000)
  region size 1024K, 2 young (2048K), 2 survivors (2048K)
 Metaspace       used 127503K, capacity 130535K, committed 132008K, reserved 1165312K
  class space    used 15710K, capacity 16875K, committed 17280K, reserved 1048576K
}
Event: 2863.772 GC heap before
{Heap before GC invocations=54 (full 0):
 garbage-first heap   total 205824K, used 157052K [0x0000000080000000, 0x0000000100000000)
  region size 1024K, 44 young (45056K), 2 survivors (2048K)
 Metaspace       used 129404K, capacity 132423K, committed 133672K, reserved 1165312K
  class space    used 15850K, capacity 17020K, committed 17408K, reserved 1048576K
}
Event: 2865.606 GC heap after
{Heap after GC invocations=55 (full 0):
 garbage-first heap   total 205824K, used 118696K [0x0000000080000000, 0x0000000100000000)
  region size 1024K, 6 young (6144K), 6 survivors (6144K)
 Metaspace       used 129404K, capacity 132423K, committed 133672K, reserved 1165312K
  class space    used 15850K, capacity 17020K, committed 17408K, reserved 1048576K
}
Event: 2870.135 GC heap before
{Heap before GC invocations=55 (full 0):
 garbage-first heap   total 205824K, used 122792K [0x0000000080000000, 0x0000000100000000)
  region size 1024K, 10 young (10240K), 6 survivors (6144K)
 Metaspace       used 129414K, capacity 132423K, committed 133672K, reserved 1165312K
  class space    used 15850K, capacity 17020K, committed 17408K, reserved 1048576K
}
Event: 2870.545 GC heap after
{Heap after GC invocations=56 (full 0):
 garbage-first heap   total 205824K, used 120381K [0x0000000080000000, 0x0000000100000000)
  region size 1024K, 2 young (2048K), 2 survivors (2048K)
 Metaspace       used 129414K, capacity 132423K, committed 133672K, reserved 1165312K
  class space    used 15850K, capacity 17020K, committed 17408K, reserved 1048576K
}
Event: 2872.134 GC heap before
{Heap before GC invocations=56 (full 0):
 garbage-first heap   total 205824K, used 127549K [0x0000000080000000, 0x0000000100000000)
  region size 1024K, 10 young (10240K), 2 survivors (2048K)
 Metaspace       used 129418K, capacity 132487K, committed 133672K, reserved 1165312K
  class space    used 15850K, capacity 17020K, committed 17408K, reserved 1048576K
}
Event: 2872.255 GC heap after
{Heap after GC invocations=57 (full 0):
 garbage-first heap   total 205824K, used 121103K [0x0000000080000000, 0x0000000100000000)
  region size 1024K, 2 young (2048K), 2 survivors (2048K)
 Metaspace       used 129418K, capacity 132487K, committed 133672K, reserved 1165312K
  class space    used 15850K, capacity 17020K, committed 17408K, reserved 1048576K
}
Event: 2872.985 GC heap before
{Heap before GC invocations=57 (full 0):
 garbage-first heap   total 205824K, used 128271K [0x0000000080000000, 0x0000000100000000)
  region size 1024K, 10 young (10240K), 2 survivors (2048K)
 Metaspace       used 129423K, capacity 132487K, committed 133672K, reserved 1165312K
  class space    used 15850K, capacity 17020K, committed 17408K, reserved 1048576K
}
Event: 2873.180 GC heap after
{Heap after GC invocations=58 (full 0):
 garbage-first heap   total 205824K, used 121109K [0x0000000080000000, 0x0000000100000000)
  region size 1024K, 1 young (1024K), 1 survivors (1024K)
 Metaspace       used 129423K, capacity 132487K, committed 133672K, reserved 1165312K
  class space    used 15850K, capacity 17020K, committed 17408K, reserved 1048576K
}
Event: 2878.499 GC heap before
{Heap before GC invocations=58 (full 0):
 garbage-first heap   total 205824K, used 129301K [0x0000000080000000, 0x0000000100000000)
  region size 1024K, 10 young (10240K), 1 survivors (1024K)
 Metaspace       used 129446K, capacity 132505K, committed 133672K, reserved 1165312K
  class space    used 15852K, capacity 17023K, committed 17408K, reserved 1048576K
}

